0 info it worked if it ends with ok
1 verbose cli [ '/home/quocdinh/.nvm/versions/node/v6.2.1/bin/node',
1 verbose cli   '/home/quocdinh/.nvm/versions/node/v6.2.1/bin/npm',
1 verbose cli   'run',
1 verbose cli   'admin' ]
2 info using npm@3.9.3
3 info using node@v6.2.1
4 verbose run-script [ 'preadmin', 'admin', 'postadmin' ]
5 info lifecycle demo_be@1.0.0~preadmin: demo_be@1.0.0
6 silly lifecycle demo_be@1.0.0~preadmin: no script for preadmin, continuing
7 info lifecycle demo_be@1.0.0~admin: demo_be@1.0.0
8 verbose lifecycle demo_be@1.0.0~admin: unsafe-perm in lifecycle true
9 verbose lifecycle demo_be@1.0.0~admin: PATH: /home/quocdinh/.nvm/versions/node/v6.2.1/lib/node_modules/npm/bin/node-gyp-bin:/home/quocdinh/workspace/hcmc-student-admin/node_modules/.bin:/home/quocdinh/.nvm/versions/node/v6.2.1/bin:/home/quocdinh/.nvm/versions/node/v6.2.1/bin:/home/quocdinh/bin:/home/quocdinh/.local/bin:/usr/local/sbin:/usr/local/bin:/usr/sbin:/usr/bin:/sbin:/bin:/usr/games:/usr/local/games:/snap/bin
10 verbose lifecycle demo_be@1.0.0~admin: CWD: /home/quocdinh/workspace/hcmc-student-admin
11 silly lifecycle demo_be@1.0.0~admin: Args: [ '-c', 'node bin/index.js' ]
12 silly lifecycle demo_be@1.0.0~admin: Returned: code: 1  signal: null
13 info lifecycle demo_be@1.0.0~admin: Failed to exec admin script
14 verbose stack Error: demo_be@1.0.0 admin: `node bin/index.js`
14 verbose stack Exit status 1
14 verbose stack     at EventEmitter.<anonymous> (/home/quocdinh/.nvm/versions/node/v6.2.1/lib/node_modules/npm/lib/utils/lifecycle.js:245:16)
14 verbose stack     at emitTwo (events.js:106:13)
14 verbose stack     at EventEmitter.emit (events.js:191:7)
14 verbose stack     at ChildProcess.<anonymous> (/home/quocdinh/.nvm/versions/node/v6.2.1/lib/node_modules/npm/lib/utils/spawn.js:24:14)
14 verbose stack     at emitTwo (events.js:106:13)
14 verbose stack     at ChildProcess.emit (events.js:191:7)
14 verbose stack     at maybeClose (internal/child_process.js:852:16)
14 verbose stack     at Process.ChildProcess._handle.onexit (internal/child_process.js:215:5)
15 verbose pkgid demo_be@1.0.0
16 verbose cwd /home/quocdinh/workspace/hcmc-student-admin
17 error Linux 4.8.0-49-generic
18 error argv "/home/quocdinh/.nvm/versions/node/v6.2.1/bin/node" "/home/quocdinh/.nvm/versions/node/v6.2.1/bin/npm" "run" "admin"
19 error node v6.2.1
20 error npm  v3.9.3
21 error code ELIFECYCLE
22 error demo_be@1.0.0 admin: `node bin/index.js`
22 error Exit status 1
23 error Failed at the demo_be@1.0.0 admin script 'node bin/index.js'.
23 error Make sure you have the latest version of node.js and npm installed.
23 error If you do, this is most likely a problem with the demo_be package,
23 error not with npm itself.
23 error Tell the author that this fails on your system:
23 error     node bin/index.js
23 error You can get information on how to open an issue for this project with:
23 error     npm bugs demo_be
23 error Or if that isn't available, you can get their info via:
23 error     npm owner ls demo_be
23 error There is likely additional logging output above.
24 verbose exit [ 1, true ]
